==217== Memcheck, a memory error detector
==217== Copyright (C) 2002-2017, and GNU GPL'd, by Julian Seward et al.
==217== Using Valgrind-3.17.0 and LibVEX; rerun with -h for copyright info
==217== Command: /usr/bin/wc -l
==217== Parent PID: 1
==217== ===217== 
==217== FILE DESCRIPTORS: 5 open (3 std) at exit.
==217== Open file descriptor 4: /pipex/leaks.log
==217==    <inherited from parent>
==217== 
==217== Open file descriptor 3: /pipex/leaks.log
==217==    <inherited from parent>
==217== 
==217== 
==217== HEAP SUMMARY:
==217==     in use at exit: 0 bytes in 0 blocks
==217==   total heap usage: 0 allocs, 0 frees, 0 bytes allocated
==217== 
==217== All heap blocks were freed -- no leaks are possible
==217== 
==217== For lists of detected and suppressed errors, rerun with: -s
==217== ERROR SUMMARY: 0 errors from 0 contexts (suppressed: 0 from 0)
= 
==216== 112 bytes in 1 blocks are still reachable in loss record 2 of 4
==216==    at 0x48C865C: calloc (vg_replace_malloc.c:1117)
==216==    by 0x404A1CB: regcomp (in /lib/ld-musl-aarch64.so.1)
==216== 
==216== 112 bytes in 2 blocks are still reachable in loss record 3 of 4
==216==    at 0x48C3E40: malloc (vg_replace_malloc.c:379)
==216==    by 0x116D33: ??? (in /bin/busybox)
==216== 
==216== 224 bytes in 1 blocks are still reachable in loss record 4 of 4
==216==    at 0x48C865C: calloc (vg_replace_malloc.c:1117)
==216==    by 0x404A16F: regcomp (in /lib/ld-musl-aarch64.so.1)
==216== 
==216== LEAK SUMMARY:
==216==    definitely lost: 0 bytes in 0 blocks
==216==    indirectly lost: 0 bytes in 0 blocks
==216==      possibly lost: 0 bytes in 0 blocks
==216==    still reachable: 552 bytes in 5 blocks
==216==         suppressed: 0 bytes in 0 blocks
==216== 
==216== For lists of detected and suppressed errors, rerun with: -s
==216== ERROR SUMMARY: 0 errors from 0 contexts (suppressed: 0 from 0)
